2025-03-29 16:14:56,100 DEBUG    root            Loaded Command Group: ['gcloud', 'auth']
2025-03-29 16:14:56,131 DEBUG    root            Loaded Command Group: ['gcloud', 'auth', 'login']
2025-03-29 16:14:56,135 DEBUG    root            Running [gcloud.auth.login] with arguments: []
2025-03-29 16:14:58,827 DEBUG    requests_oauthlib.oauth2_session Generated new state q1AQufq2fqL8BbmPMI0xixal3wHYoV.
2025-03-29 16:14:58,827 INFO     ___FILE_ONLY___ Go to the following link in your browser, and complete the sign-in prompts:

    https://accounts.google.com/o/oauth2/auth?response_type=code&client_id=32555940559.apps.googleusercontent.com&redirect_uri=https%3A%2F%2Fsdk.cloud.google.com%2Fauthcode.html&scope=openid+https%3A%2F%2Fwww.googleapis.com%2Fauth%2Fuserinfo.email+https%3A%2F%2Fwww.googleapis.com%2Fauth%2Fcloud-platform+https%3A%2F%2Fwww.googleapis.com%2Fauth%2Fappengine.admin+https%3A%2F%2Fwww.googleapis.com%2Fauth%2Fsqlservice.login+https%3A%2F%2Fwww.googleapis.com%2Fauth%2Fcompute+https%3A%2F%2Fwww.googleapis.com%2Fauth%2Faccounts.reauth&state=q1AQufq2fqL8BbmPMI0xixal3wHYoV&prompt=consent&token_usage=remote&access_type=offline&code_challenge=bNhdui4DpW1qQMytmtkHNNzmkgxYXK9gDvw3NLbqoik&code_challenge_method=S256


2025-03-29 16:16:04,878 DEBUG    requests_oauthlib.oauth2_session Requesting url https://oauth2.googleapis.com/token using method POST.
2025-03-29 16:16:04,878 DEBUG    requests_oauthlib.oauth2_session Supplying headers {b'Accept': b'application/json', b'Content-Type': b'application/x-www-form-urlencoded;charset=UTF-8', b'user-agent': b'google-cloud-sdk gcloud/516.0.0 command/gcloud.auth.login invocation-id/f08d9d776b4b4d57b85204d4315d4fe0 environment/GCE environment-version/None client-os/LINUX client-os-ver/5.15.0 client-pltf-arch/x86_64 interactive/True from-script/False python/3.12.8 term/xterm-256color (Linux 5.15.0-1078-gcp)'} and data {'grant_type': 'authorization_code', 'client_id': '32555940559.apps.googleusercontent.com', 'client_secret': 'ZmssLNjJy2998hD4CTg2ejr2', 'code': '4/0AQSTgQHZlSaIl7ZJp6Jz932zd5aqP4t35emMnN64Ma6DQIPikBaqF6h7AJQ5qYokZnMJ-w', 'redirect_uri': 'https://sdk.cloud.google.com/authcode.html', 'code_verifier': 'EjZ8qgLrFuQ3d_oFgbiUwtAmycd-ZSeG4O46myy.ppgwwuTmjYo48.SOh28BbOlkrPCcT4NwwCow34c48PreNDvdsM4tSv3h-VLKng1fjSGLq7Om_n1pQ7NHMt9LSs8V'}
2025-03-29 16:16:04,878 DEBUG    requests_oauthlib.oauth2_session Passing through key word arguments {'json': None, 'timeout': None, 'auth': None, 'verify': None, 'proxies': None}.
2025-03-29 16:16:04,880 DEBUG    urllib3.connectionpool Starting new HTTPS connection (1): oauth2.googleapis.com:443
2025-03-29 16:16:04,952 DEBUG    urllib3.connectionpool https://oauth2.googleapis.com:443 "POST /token HTTP/11" 200 None
2025-03-29 16:16:04,953 DEBUG    requests_oauthlib.oauth2_session Prepared fetch token request body grant_type=authorization_code&client_id=32555940559.apps.googleusercontent.com&client_secret=ZmssLNjJy2998hD4CTg2ejr2&code=4%2F0AQSTgQHZlSaIl7ZJp6Jz932zd5aqP4t35emMnN64Ma6DQIPikBaqF6h7AJQ5qYokZnMJ-w&redirect_uri=https%3A%2F%2Fsdk.cloud.google.com%2Fauthcode.html&code_verifier=EjZ8qgLrFuQ3d_oFgbiUwtAmycd-ZSeG4O46myy.ppgwwuTmjYo48.SOh28BbOlkrPCcT4NwwCow34c48PreNDvdsM4tSv3h-VLKng1fjSGLq7Om_n1pQ7NHMt9LSs8V
2025-03-29 16:16:04,953 DEBUG    requests_oauthlib.oauth2_session Request to fetch token completed with status 200.
2025-03-29 16:16:04,953 DEBUG    requests_oauthlib.oauth2_session Request headers were {'user-agent': b'google-cloud-sdk gcloud/516.0.0 command/gcloud.auth.login invocation-id/f08d9d776b4b4d57b85204d4315d4fe0 environment/GCE environment-version/None client-os/LINUX client-os-ver/5.15.0 client-pltf-arch/x86_64 interactive/True from-script/False python/3.12.8 term/xterm-256color (Linux 5.15.0-1078-gcp)', 'Accept-Encoding': 'gzip, deflate', 'Accept': b'application/json', 'Connection': 'keep-alive', 'Content-Type': b'application/x-www-form-urlencoded;charset=UTF-8', 'Content-Length': '405'}
2025-03-29 16:16:04,953 DEBUG    requests_oauthlib.oauth2_session Request body was grant_type=authorization_code&client_id=32555940559.apps.googleusercontent.com&client_secret=ZmssLNjJy2998hD4CTg2ejr2&code=4%2F0AQSTgQHZlSaIl7ZJp6Jz932zd5aqP4t35emMnN64Ma6DQIPikBaqF6h7AJQ5qYokZnMJ-w&redirect_uri=https%3A%2F%2Fsdk.cloud.google.com%2Fauthcode.html&code_verifier=EjZ8qgLrFuQ3d_oFgbiUwtAmycd-ZSeG4O46myy.ppgwwuTmjYo48.SOh28BbOlkrPCcT4NwwCow34c48PreNDvdsM4tSv3h-VLKng1fjSGLq7Om_n1pQ7NHMt9LSs8V
2025-03-29 16:16:04,954 DEBUG    requests_oauthlib.oauth2_session Response headers were {'Date': 'Sat, 29 Mar 2025 16:16:04 GMT', 'Pragma': 'no-cache', 'Expires': 'Mon, 01 Jan 1990 00:00:00 GMT', 'Cache-Control': 'no-cache, no-store, max-age=0, must-revalidate', 'Content-Type': 'application/json; charset=utf-8', 'Vary': 'Origin, X-Origin, Referer', 'Content-Encoding': 'gzip', 'Server': 'scaffolding on HTTPServer2', 'X-XSS-Protection': '0', 'X-Frame-Options': 'SAMEORIGIN', 'X-Content-Type-Options': 'nosniff', 'Transfer-Encoding': 'chunked'} and content {
  "access_token": "ya29.a0AeXRPp4RfdjyDt-0nhPYXRK5qZ6nBbjqNBGa4G0TCS7q3zKkTue9MAoFnukIOebSwqrWyqHInPIcyYYWXm8bU8QYkY0xptF2RJ_gbvBuKsD23fsgXaXD5oz5WrLtBLNKYdCQf90gImPCnH_QokulJkl6bTxiUAXzY-ZR2fR84C8T5waCgYKAb4SARISFQHGX2MiRfkQYGNaXVFEK2dVKm6_CA0181",
  "expires_in": 3599,
  "refresh_token": "1//04udll5m1JD8SCgYIARAAGAQSNwF-L9IrDvEC5KPcxuDKy0wW_Kay_jNwAxjwtZ22yIKLgZ6rP0vKD81nfmWcn5i3Ks9Gj7dGnYY",
  "scope": "openid https://www.googleapis.com/auth/accounts.reauth https://www.googleapis.com/auth/sqlservice.login https://www.googleapis.com/auth/appengine.admin https://www.googleapis.com/auth/compute https://www.googleapis.com/auth/cloud-platform https://www.googleapis.com/auth/userinfo.email",
  "token_type": "Bearer",
  "id_token": "eyJhbGciOiJSUzI1NiIsImtpZCI6IjgyMWYzYmM2NmYwNzUxZjc4NDA2MDY3OTliMWFkZjllOWZiNjBkZmIiLCJ0eXAiOiJKV1QifQ.eyJpc3MiOiJodHRwczovL2FjY291bnRzLmdvb2dsZS5jb20iLCJhenAiOiIzMjU1NTk0MDU1OS5hcHBzLmdvb2dsZXVzZXJjb250ZW50LmNvbSIsImF1ZCI6IjMyNTU1OTQwNTU5LmFwcHMuZ29vZ2xldXNlcmNvbnRlbnQuY29tIiwic3ViIjoiMTExNjQ2MjkzMDQ3NjUwNzc2MDcyIiwiZW1haWwiOiJqdWFubWkxMTEwMkBnbWFpbC5jb20iLCJlbWFpbF92ZXJpZmllZCI6dHJ1ZSwiYXRfaGFzaCI6IjFzSVR3OHNabVcyUUtLUGFVZGhnaVEiLCJpYXQiOjE3NDMyNjQ5NjQsImV4cCI6MTc0MzI2ODU2NH0.ev1RHXQHMM3XCYlJRftl58N5Ci9PGP0kzORfJ4CdvI5Nvq0c9oYaOKKr7vR4jpaHcqaMuIffDYxMt7D07kTkN8dWGoCOO8Kn_9hDyN_dlRg1AUPsAFbFiPaXxcEuOyFdFsls0CBauZUoYKTojnXt0lThiXzA-4C1MJZrpjx6UP5Xu8KWcxSuy_3dFVzxJOlqw9ARmgtlQmtoW2d2zUNcqsPAxTqyOn4agByFGaVX8u6X313F-b6oEJpD5Chdu5crCCPE8gY4jjHVf_LYhChZy3gDbRxwUCP8TKLLLTJ9MiBLg2gE_kAdsq75VX0o3_k0CIxpMxKRGzpiCMYwuvEE-Q"
}.
2025-03-29 16:16:04,954 DEBUG    requests_oauthlib.oauth2_session Invoking 0 token response hooks.
2025-03-29 16:16:04,954 DEBUG    requests_oauthlib.oauth2_session Obtained token {'access_token': 'ya29.a0AeXRPp4RfdjyDt-0nhPYXRK5qZ6nBbjqNBGa4G0TCS7q3zKkTue9MAoFnukIOebSwqrWyqHInPIcyYYWXm8bU8QYkY0xptF2RJ_gbvBuKsD23fsgXaXD5oz5WrLtBLNKYdCQf90gImPCnH_QokulJkl6bTxiUAXzY-ZR2fR84C8T5waCgYKAb4SARISFQHGX2MiRfkQYGNaXVFEK2dVKm6_CA0181', 'expires_in': 3599, 'refresh_token': '1//04udll5m1JD8SCgYIARAAGAQSNwF-L9IrDvEC5KPcxuDKy0wW_Kay_jNwAxjwtZ22yIKLgZ6rP0vKD81nfmWcn5i3Ks9Gj7dGnYY', 'scope': ['openid', 'https://www.googleapis.com/auth/accounts.reauth', 'https://www.googleapis.com/auth/sqlservice.login', 'https://www.googleapis.com/auth/appengine.admin', 'https://www.googleapis.com/auth/compute', 'https://www.googleapis.com/auth/cloud-platform', 'https://www.googleapis.com/auth/userinfo.email'], 'token_type': 'Bearer', 'id_token': 'eyJhbGciOiJSUzI1NiIsImtpZCI6IjgyMWYzYmM2NmYwNzUxZjc4NDA2MDY3OTliMWFkZjllOWZiNjBkZmIiLCJ0eXAiOiJKV1QifQ.eyJpc3MiOiJodHRwczovL2FjY291bnRzLmdvb2dsZS5jb20iLCJhenAiOiIzMjU1NTk0MDU1OS5hcHBzLmdvb2dsZXVzZXJjb250ZW50LmNvbSIsImF1ZCI6IjMyNTU1OTQwNTU5LmFwcHMuZ29vZ2xldXNlcmNvbnRlbnQuY29tIiwic3ViIjoiMTExNjQ2MjkzMDQ3NjUwNzc2MDcyIiwiZW1haWwiOiJqdWFubWkxMTEwMkBnbWFpbC5jb20iLCJlbWFpbF92ZXJpZmllZCI6dHJ1ZSwiYXRfaGFzaCI6IjFzSVR3OHNabVcyUUtLUGFVZGhnaVEiLCJpYXQiOjE3NDMyNjQ5NjQsImV4cCI6MTc0MzI2ODU2NH0.ev1RHXQHMM3XCYlJRftl58N5Ci9PGP0kzORfJ4CdvI5Nvq0c9oYaOKKr7vR4jpaHcqaMuIffDYxMt7D07kTkN8dWGoCOO8Kn_9hDyN_dlRg1AUPsAFbFiPaXxcEuOyFdFsls0CBauZUoYKTojnXt0lThiXzA-4C1MJZrpjx6UP5Xu8KWcxSuy_3dFVzxJOlqw9ARmgtlQmtoW2d2zUNcqsPAxTqyOn4agByFGaVX8u6X313F-b6oEJpD5Chdu5crCCPE8gY4jjHVf_LYhChZy3gDbRxwUCP8TKLLLTJ9MiBLg2gE_kAdsq75VX0o3_k0CIxpMxKRGzpiCMYwuvEE-Q', 'expires_at': 1743268563.9542587}.
2025-03-29 16:16:04,975 INFO     ___FILE_ONLY___ 
You are now logged in as [juanmi11102@gmail.com].
Your current project is [silken-quasar-455114-g9].  You can change this setting by running:
  $ gcloud config set project PROJECT_ID

2025-03-29 16:16:04,976 DEBUG    root            Chosen display Format:none
2025-03-29 16:16:04,976 INFO     root            Display format: "none"
2025-03-29 16:16:04,995 DEBUG    root            SDK update checks are disabled.
